[2/21/2025, 10:03:06 AM] [Info] start convert (0007-Optical_Tracker) ...
[2/21/2025, 10:03:06 AM] [Info] unrecognized RECORD name EngineeringChangeOrderOptions
[2/21/2025, 10:03:06 AM] [Info] unrecognized RECORD name OutputOptions
[2/21/2025, 10:03:06 AM] [Info] unrecognized RECORD name OutputOptions
[2/21/2025, 10:03:06 AM] [Info] unrecognized RECORD name PrinterOptions
[2/21/2025, 10:03:06 AM] [Info] unrecognized RECORD name PrinterOptions
[2/21/2025, 10:03:06 AM] [Info] unrecognized RECORD name PrinterOptions
[2/21/2025, 10:03:06 AM] [Info] unrecognized RECORD name PrinterOptions
[2/21/2025, 10:03:06 AM] [Info] unrecognized RECORD name PrinterOptions
[2/21/2025, 10:03:06 AM] [Info] unrecognized RECORD name PrinterOptions
[2/21/2025, 10:03:06 AM] [Info] unrecognized RECORD name PrinterOptions
[2/21/2025, 10:03:06 AM] [Info] unrecognized RECORD name PrinterOptions
[2/21/2025, 10:03:06 AM] [Info] unrecognized RECORD name PrinterOptions
[2/21/2025, 10:03:06 AM] [Info] unrecognized RECORD name PrinterOptions
[2/21/2025, 10:03:06 AM] [Info] unrecognized RECORD name PrinterOptions
[2/21/2025, 10:03:06 AM] [Info] unrecognized RECORD name PrinterOptions
[2/21/2025, 10:03:06 AM] [Info] unrecognized RECORD name PrinterOptions
[2/21/2025, 10:03:06 AM] [Info] unrecognized RECORD name PrinterOptions
[2/21/2025, 10:03:06 AM] [Info] unrecognized RECORD name PrinterOptions
[2/21/2025, 10:03:06 AM] [Info] unrecognized RECORD name PrinterOptions
[2/21/2025, 10:03:06 AM] [Info] unrecognized RECORD name PrinterOptions
[2/21/2025, 10:03:06 AM] [Info] unrecognized RECORD name PrinterOptions
[2/21/2025, 10:03:06 AM] [Info] unrecognized RECORD name PrinterOptions
[2/21/2025, 10:03:06 AM] [Info] unrecognized RECORD name PrinterOptions
[2/21/2025, 10:03:06 AM] [Info] unrecognized RECORD name PrinterOptions
[2/21/2025, 10:03:06 AM] [Info] unrecognized RECORD name PrinterOptions
[2/21/2025, 10:03:06 AM] [Info] unrecognized RECORD name PrinterOptions
[2/21/2025, 10:03:06 AM] [Info] unrecognized RECORD name PrinterOptions
[2/21/2025, 10:03:06 AM] [Info] unrecognized RECORD name GerberOptions
[2/21/2025, 10:03:06 AM] [Info] unrecognized RECORD name AdvancedPlacerOptions
[2/21/2025, 10:03:06 AM] [Info] unrecognized RECORD name DesignRuleCheckerOptions
[2/21/2025, 10:03:06 AM] [Info] unrecognized RECORD name PinSwapOptions
[2/21/2025, 10:03:06 AM] [Info] unrecognized RECORD name TestpointOptions
[2/21/2025, 10:03:06 AM] [Info] unrecognized RECORD name Rule
[2/21/2025, 10:03:06 AM] [Info] unrecognized RECORD name Rule
[2/21/2025, 10:03:06 AM] [Info] unrecognized RECORD name Rule
[2/21/2025, 10:03:06 AM] [Info] unrecognized RECORD name Rule
[2/21/2025, 10:03:06 AM] [Info] unrecognized RECORD name Rule
[2/21/2025, 10:03:06 AM] [Info] unrecognized RECORD name Rule
[2/21/2025, 10:03:06 AM] [Info] unrecognized RECORD name Rule
[2/21/2025, 10:03:06 AM] [Info] unrecognized RECORD name Rule
[2/21/2025, 10:03:06 AM] [Info] unrecognized RECORD name Rule
[2/21/2025, 10:03:06 AM] [Info] unrecognized RECORD name Rule
[2/21/2025, 10:03:06 AM] [Info] unrecognized RECORD name Rule
[2/21/2025, 10:03:06 AM] [Info] unrecognized RECORD name Rule
[2/21/2025, 10:03:06 AM] [Info] unrecognized RECORD name Rule
[2/21/2025, 10:03:06 AM] [Info] unrecognized RECORD name Rule
[2/21/2025, 10:03:06 AM] [Info] unrecognized RECORD name Rule
[2/21/2025, 10:03:06 AM] [Info] unrecognized RECORD name Rule
[2/21/2025, 10:03:06 AM] [Info] unrecognized RECORD name Rule
[2/21/2025, 10:03:06 AM] [Info] unrecognized RECORD name Rule
[2/21/2025, 10:03:06 AM] [Info] unrecognized RECORD name Rule
[2/21/2025, 10:03:06 AM] [Info] unrecognized RECORD name Rule
[2/21/2025, 10:03:06 AM] [Info] unrecognized RECORD name Rule
[2/21/2025, 10:03:06 AM] [Info] unrecognized RECORD name Rule
[2/21/2025, 10:03:06 AM] [Info] unrecognized RECORD name Rule
[2/21/2025, 10:03:06 AM] [Info] unrecognized RECORD name Rule
[2/21/2025, 10:03:06 AM] [Info] unrecognized RECORD name Rule
[2/21/2025, 10:03:06 AM] [Info] unrecognized RECORD name Rule
[2/21/2025, 10:03:06 AM] [Info] unrecognized RECORD name Rule
[2/21/2025, 10:03:06 AM] [Info] unrecognized RECORD name Rule
[2/21/2025, 10:03:06 AM] [Info] unrecognized RECORD name Rule
[2/21/2025, 10:03:06 AM] [Info] unrecognized RECORD name Rule
[2/21/2025, 10:03:06 AM] [Info] unrecognized RECORD name Rule
[2/21/2025, 10:03:06 AM] [Info] unrecognized RECORD name Rule
[2/21/2025, 10:03:06 AM] [Info] unrecognized RECORD name Rule
[2/21/2025, 10:03:06 AM] [Info] unrecognized RECORD name Rule
[2/21/2025, 10:03:06 AM] [Info] unrecognized RECORD name Rule
[2/21/2025, 10:03:07 AM] [Info] ignore Region without outline
[2/21/2025, 10:03:07 AM] [Info] unrecognized RECORD name EngineeringChangeOrderOptions
[2/21/2025, 10:03:07 AM] [Info] unrecognized RECORD name OutputOptions
[2/21/2025, 10:03:07 AM] [Info] unrecognized RECORD name OutputOptions
[2/21/2025, 10:03:07 AM] [Info] unrecognized RECORD name PrinterOptions
[2/21/2025, 10:03:07 AM] [Info] unrecognized RECORD name PrinterOptions
[2/21/2025, 10:03:07 AM] [Info] unrecognized RECORD name PrinterOptions
[2/21/2025, 10:03:07 AM] [Info] unrecognized RECORD name PrinterOptions
[2/21/2025, 10:03:07 AM] [Info] unrecognized RECORD name PrinterOptions
[2/21/2025, 10:03:07 AM] [Info] unrecognized RECORD name PrinterOptions
[2/21/2025, 10:03:07 AM] [Info] unrecognized RECORD name PrinterOptions
[2/21/2025, 10:03:07 AM] [Info] unrecognized RECORD name PrinterOptions
[2/21/2025, 10:03:07 AM] [Info] unrecognized RECORD name PrinterOptions
[2/21/2025, 10:03:07 AM] [Info] unrecognized RECORD name PrinterOptions
[2/21/2025, 10:03:07 AM] [Info] unrecognized RECORD name PrinterOptions
[2/21/2025, 10:03:07 AM] [Info] unrecognized RECORD name PrinterOptions
[2/21/2025, 10:03:07 AM] [Info] unrecognized RECORD name PrinterOptions
[2/21/2025, 10:03:07 AM] [Info] unrecognized RECORD name PrinterOptions
[2/21/2025, 10:03:07 AM] [Info] unrecognized RECORD name PrinterOptions
[2/21/2025, 10:03:07 AM] [Info] unrecognized RECORD name PrinterOptions
[2/21/2025, 10:03:07 AM] [Info] unrecognized RECORD name PrinterOptions
[2/21/2025, 10:03:07 AM] [Info] unrecognized RECORD name PrinterOptions
[2/21/2025, 10:03:07 AM] [Info] unrecognized RECORD name PrinterOptions
[2/21/2025, 10:03:07 AM] [Info] unrecognized RECORD name PrinterOptions
[2/21/2025, 10:03:07 AM] [Info] unrecognized RECORD name PrinterOptions
[2/21/2025, 10:03:07 AM] [Info] unrecognized RECORD name PrinterOptions
[2/21/2025, 10:03:07 AM] [Info] unrecognized RECORD name PrinterOptions
[2/21/2025, 10:03:07 AM] [Info] unrecognized RECORD name PrinterOptions
[2/21/2025, 10:03:07 AM] [Info] unrecognized RECORD name GerberOptions
[2/21/2025, 10:03:07 AM] [Info] unrecognized RECORD name AdvancedPlacerOptions
[2/21/2025, 10:03:07 AM] [Info] unrecognized RECORD name DesignRuleCheckerOptions
[2/21/2025, 10:03:07 AM] [Info] unrecognized RECORD name PinSwapOptions
[2/21/2025, 10:03:07 AM] [Info] unrecognized RECORD name TestpointOptions
[2/21/2025, 10:03:07 AM] [Info] unrecognized RECORD name Rule
[2/21/2025, 10:03:07 AM] [Info] unrecognized RECORD name Rule
[2/21/2025, 10:03:07 AM] [Info] unrecognized RECORD name Rule
[2/21/2025, 10:03:07 AM] [Info] unrecognized RECORD name Rule
[2/21/2025, 10:03:07 AM] [Info] unrecognized RECORD name Rule
[2/21/2025, 10:03:07 AM] [Info] unrecognized RECORD name Rule
[2/21/2025, 10:03:07 AM] [Info] unrecognized RECORD name Rule
[2/21/2025, 10:03:07 AM] [Info] unrecognized RECORD name Rule
[2/21/2025, 10:03:07 AM] [Info] unrecognized RECORD name Rule
[2/21/2025, 10:03:07 AM] [Info] unrecognized RECORD name Rule
[2/21/2025, 10:03:07 AM] [Info] unrecognized RECORD name Rule
[2/21/2025, 10:03:07 AM] [Info] unrecognized RECORD name Rule
[2/21/2025, 10:03:07 AM] [Info] unrecognized RECORD name Rule
[2/21/2025, 10:03:07 AM] [Info] unrecognized RECORD name Rule
[2/21/2025, 10:03:07 AM] [Info] unrecognized RECORD name Rule
[2/21/2025, 10:03:07 AM] [Info] unrecognized RECORD name Rule
[2/21/2025, 10:03:07 AM] [Info] unrecognized RECORD name Rule
[2/21/2025, 10:03:07 AM] [Info] unrecognized RECORD name Rule
[2/21/2025, 10:03:07 AM] [Info] unrecognized RECORD name Rule
[2/21/2025, 10:03:07 AM] [Info] unrecognized RECORD name Rule
[2/21/2025, 10:03:07 AM] [Info] unrecognized RECORD name Rule
[2/21/2025, 10:03:07 AM] [Info] unrecognized RECORD name Rule
[2/21/2025, 10:03:07 AM] [Info] unrecognized RECORD name Rule
[2/21/2025, 10:03:07 AM] [Info] unrecognized RECORD name Rule
[2/21/2025, 10:03:07 AM] [Info] unrecognized RECORD name Rule
[2/21/2025, 10:03:07 AM] [Info] unrecognized RECORD name Rule
[2/21/2025, 10:03:07 AM] [Info] unrecognized RECORD name Rule
[2/21/2025, 10:03:07 AM] [Info] unrecognized RECORD name Rule
[2/21/2025, 10:03:07 AM] [Info] unrecognized RECORD name Rule
[2/21/2025, 10:03:07 AM] [Info] unrecognized RECORD name Rule
[2/21/2025, 10:03:07 AM] [Info] unrecognized RECORD name Rule
[2/21/2025, 10:03:07 AM] [Info] unrecognized RECORD name Rule
[2/21/2025, 10:03:07 AM] [Info] unrecognized RECORD name Rule
[2/21/2025, 10:03:07 AM] [Info] unrecognized RECORD name Rule
[2/21/2025, 10:03:07 AM] [Info] unrecognized RECORD name Rule
[2/21/2025, 10:03:07 AM] [Info] ignore Region without outline
[2/21/2025, 10:03:07 AM] [Warn] unrecognized RECORD code 46
[2/21/2025, 10:03:07 AM] [Warn] unrecognized RECORD code 48
[2/21/2025, 10:03:07 AM] [Warn] unrecognized RECORD code 46
[2/21/2025, 10:03:07 AM] [Warn] unrecognized RECORD code 48
[2/21/2025, 10:03:07 AM] [Warn] unrecognized RECORD code 46
[2/21/2025, 10:03:07 AM] [Warn] unrecognized RECORD code 48
[2/21/2025, 10:03:07 AM] [Warn] unrecognized RECORD code 46
[2/21/2025, 10:03:07 AM] [Warn] unrecognized RECORD code 48
[2/21/2025, 10:03:07 AM] [Warn] unrecognized RECORD code 46
[2/21/2025, 10:03:07 AM] [Warn] unrecognized RECORD code 48
[2/21/2025, 10:03:07 AM] [Warn] unrecognized RECORD code 46
[2/21/2025, 10:03:07 AM] [Warn] unrecognized RECORD code 48
[2/21/2025, 10:03:07 AM] [Warn] unrecognized RECORD code 46
[2/21/2025, 10:03:07 AM] [Warn] unrecognized RECORD code 48
[2/21/2025, 10:03:07 AM] [Warn] unrecognized RECORD code 46
[2/21/2025, 10:03:07 AM] [Warn] unrecognized RECORD code 48
[2/21/2025, 10:03:07 AM] [Warn] unrecognized RECORD code 46
[2/21/2025, 10:03:07 AM] [Warn] unrecognized RECORD code 48
[2/21/2025, 10:03:07 AM] [Warn] unrecognized RECORD code 46
[2/21/2025, 10:03:07 AM] [Warn] unrecognized RECORD code 48
[2/21/2025, 10:03:07 AM] [Warn] unrecognized RECORD code 46
[2/21/2025, 10:03:07 AM] [Warn] unrecognized RECORD code 48
[2/21/2025, 10:03:07 AM] [Warn] unrecognized RECORD code 46
[2/21/2025, 10:03:07 AM] [Warn] unrecognized RECORD code 48
[2/21/2025, 10:03:07 AM] [Warn] unrecognized RECORD code 46
[2/21/2025, 10:03:07 AM] [Warn] unrecognized RECORD code 48
[2/21/2025, 10:03:07 AM] [Warn] unrecognized RECORD code 46
[2/21/2025, 10:03:07 AM] [Warn] unrecognized RECORD code 48
[2/21/2025, 10:03:07 AM] [Warn] unrecognized RECORD code 46
[2/21/2025, 10:03:07 AM] [Warn] unrecognized RECORD code 48
[2/21/2025, 10:03:07 AM] [Warn] unrecognized RECORD code 46
[2/21/2025, 10:03:07 AM] [Warn] unrecognized RECORD code 48
[2/21/2025, 10:03:07 AM] [Warn] unrecognized RECORD code 46
[2/21/2025, 10:03:07 AM] [Warn] unrecognized RECORD code 48
[2/21/2025, 10:03:07 AM] [Warn] unrecognized RECORD code 46
[2/21/2025, 10:03:07 AM] [Warn] unrecognized RECORD code 48
[2/21/2025, 10:03:07 AM] [Warn] unrecognized RECORD code 46
[2/21/2025, 10:03:07 AM] [Warn] unrecognized RECORD code 48
[2/21/2025, 10:03:07 AM] [Warn] unrecognized RECORD code 46
[2/21/2025, 10:03:07 AM] [Warn] unrecognized RECORD code 48
[2/21/2025, 10:03:07 AM] [Warn] unrecognized RECORD code 46
[2/21/2025, 10:03:07 AM] [Warn] unrecognized RECORD code 48
[2/21/2025, 10:03:07 AM] [Warn] unrecognized RECORD code 46
[2/21/2025, 10:03:07 AM] [Warn] unrecognized RECORD code 48
[2/21/2025, 10:03:07 AM] [Warn] unrecognized RECORD code 46
[2/21/2025, 10:03:07 AM] [Warn] unrecognized RECORD code 48
[2/21/2025, 10:03:07 AM] [Warn] unrecognized RECORD code 46
[2/21/2025, 10:03:07 AM] [Warn] unrecognized RECORD code 48
[2/21/2025, 10:03:07 AM] [Warn] unrecognized RECORD code 46
[2/21/2025, 10:03:07 AM] [Warn] unrecognized RECORD code 48
[2/21/2025, 10:03:07 AM] [Warn] unrecognized RECORD code 46
[2/21/2025, 10:03:07 AM] [Warn] unrecognized RECORD code 48
[2/21/2025, 10:03:07 AM] [Warn] unrecognized RECORD code 43
[2/21/2025, 10:03:07 AM] [Warn] unrecognized RECORD code 43
[2/21/2025, 10:03:07 AM] [Warn] unrecognized RECORD code 46
[2/21/2025, 10:03:07 AM] [Warn] unrecognized RECORD code 48
[2/21/2025, 10:03:07 AM] [Warn] unrecognized RECORD code 46
[2/21/2025, 10:03:07 AM] [Warn] unrecognized RECORD code 48
[2/21/2025, 10:03:07 AM] [Warn] unrecognized RECORD code 46
[2/21/2025, 10:03:07 AM] [Warn] unrecognized RECORD code 48
[2/21/2025, 10:03:07 AM] [Warn] unrecognized RECORD code 46
[2/21/2025, 10:03:07 AM] [Warn] unrecognized RECORD code 48
[2/21/2025, 10:03:07 AM] [Warn] unrecognized RECORD code 46
[2/21/2025, 10:03:07 AM] [Warn] unrecognized RECORD code 48
[2/21/2025, 10:03:07 AM] [Warn] unrecognized RECORD code 46
[2/21/2025, 10:03:07 AM] [Warn] unrecognized RECORD code 48
[2/21/2025, 10:03:07 AM] [Warn] unrecognized RECORD code 46
[2/21/2025, 10:03:07 AM] [Warn] unrecognized RECORD code 48
[2/21/2025, 10:03:07 AM] [Warn] unrecognized RECORD code 46
[2/21/2025, 10:03:07 AM] [Warn] unrecognized RECORD code 48
[2/21/2025, 10:03:07 AM] [Warn] unrecognized RECORD code 46
[2/21/2025, 10:03:07 AM] [Warn] unrecognized RECORD code 48
[2/21/2025, 10:03:07 AM] [Warn] unrecognized RECORD code 46
[2/21/2025, 10:03:07 AM] [Warn] unrecognized RECORD code 48
[2/21/2025, 10:03:07 AM] [Warn] unrecognized RECORD code 46
[2/21/2025, 10:03:07 AM] [Warn] unrecognized RECORD code 48
[2/21/2025, 10:03:07 AM] [Warn] unrecognized RECORD code 46
[2/21/2025, 10:03:07 AM] [Warn] unrecognized RECORD code 48
[2/21/2025, 10:03:07 AM] [Warn] unrecognized RECORD code 46
[2/21/2025, 10:03:07 AM] [Warn] unrecognized RECORD code 48
[2/21/2025, 10:03:07 AM] [Warn] unrecognized RECORD code 46
[2/21/2025, 10:03:07 AM] [Warn] unrecognized RECORD code 48
[2/21/2025, 10:03:07 AM] [Warn] unrecognized RECORD code 46
[2/21/2025, 10:03:07 AM] [Warn] unrecognized RECORD code 48
[2/21/2025, 10:03:07 AM] [Warn] unrecognized RECORD code 46
[2/21/2025, 10:03:07 AM] [Warn] unrecognized RECORD code 48
[2/21/2025, 10:03:07 AM] [Warn] unrecognized RECORD code 46
[2/21/2025, 10:03:07 AM] [Warn] unrecognized RECORD code 48
[2/21/2025, 10:03:07 AM] [Warn] unrecognized RECORD code 46
[2/21/2025, 10:03:07 AM] [Warn] unrecognized RECORD code 48
[2/21/2025, 10:03:07 AM] [Warn] unrecognized RECORD code 46
[2/21/2025, 10:03:07 AM] [Warn] unrecognized RECORD code 48
[2/21/2025, 10:03:07 AM] [Warn] unrecognized RECORD code 46
[2/21/2025, 10:03:07 AM] [Warn] unrecognized RECORD code 48
[2/21/2025, 10:03:07 AM] [Warn] unrecognized RECORD code 46
[2/21/2025, 10:03:07 AM] [Warn] unrecognized RECORD code 48
[2/21/2025, 10:03:07 AM] [Warn] unrecognized RECORD code 46
[2/21/2025, 10:03:07 AM] [Warn] unrecognized RECORD code 48
[2/21/2025, 10:03:07 AM] [Warn] unrecognized RECORD code 46
[2/21/2025, 10:03:07 AM] [Warn] unrecognized RECORD code 48
[2/21/2025, 10:03:07 AM] [Warn] unrecognized RECORD code 46
[2/21/2025, 10:03:07 AM] [Warn] unrecognized RECORD code 48
[2/21/2025, 10:03:07 AM] [Warn] unrecognized RECORD code 46
[2/21/2025, 10:03:07 AM] [Warn] unrecognized RECORD code 48
[2/21/2025, 10:03:07 AM] [Warn] unrecognized RECORD code 46
[2/21/2025, 10:03:07 AM] [Warn] unrecognized RECORD code 48
[2/21/2025, 10:03:07 AM] [Warn] unrecognized RECORD code 46
[2/21/2025, 10:03:07 AM] [Warn] unrecognized RECORD code 48
[2/21/2025, 10:03:07 AM] [Warn] unrecognized RECORD code 46
[2/21/2025, 10:03:07 AM] [Warn] unrecognized RECORD code 48
[2/21/2025, 10:03:07 AM] [Warn] unrecognized RECORD code 46
[2/21/2025, 10:03:07 AM] [Warn] unrecognized RECORD code 48
[2/21/2025, 10:03:07 AM] [Warn] unrecognized RECORD code 46
[2/21/2025, 10:03:07 AM] [Warn] unrecognized RECORD code 48
[2/21/2025, 10:03:07 AM] [Warn] unrecognized RECORD code 46
[2/21/2025, 10:03:07 AM] [Warn] unrecognized RECORD code 48
[2/21/2025, 10:03:07 AM] [Warn] unrecognized RECORD code 46
[2/21/2025, 10:03:07 AM] [Warn] unrecognized RECORD code 48
[2/21/2025, 10:03:07 AM] [Warn] unrecognized RECORD code 46
[2/21/2025, 10:03:07 AM] [Warn] unrecognized RECORD code 48
[2/21/2025, 10:03:07 AM] [Warn] unrecognized RECORD code 46
[2/21/2025, 10:03:07 AM] [Warn] unrecognized RECORD code 48
[2/21/2025, 10:03:07 AM] [Warn] unrecognized RECORD code 46
[2/21/2025, 10:03:07 AM] [Warn] unrecognized RECORD code 48
[2/21/2025, 10:03:07 AM] [Warn] unrecognized RECORD code 46
[2/21/2025, 10:03:07 AM] [Warn] unrecognized RECORD code 48
[2/21/2025, 10:03:07 AM] [Warn] unrecognized RECORD code 46
[2/21/2025, 10:03:07 AM] [Warn] unrecognized RECORD code 48
[2/21/2025, 10:03:07 AM] [Warn] unrecognized RECORD code 46
[2/21/2025, 10:03:07 AM] [Warn] unrecognized RECORD code 48
[2/21/2025, 10:03:07 AM] [Warn] unrecognized RECORD code 46
[2/21/2025, 10:03:07 AM] [Warn] unrecognized RECORD code 48
[2/21/2025, 10:03:07 AM] [Warn] unrecognized RECORD code 46
[2/21/2025, 10:03:07 AM] [Warn] unrecognized RECORD code 48
[2/21/2025, 10:03:07 AM] [Warn] unrecognized RECORD code 46
[2/21/2025, 10:03:07 AM] [Warn] unrecognized RECORD code 48
[2/21/2025, 10:03:07 AM] [Warn] unrecognized RECORD code 46
[2/21/2025, 10:03:07 AM] [Warn] unrecognized RECORD code 48
[2/21/2025, 10:03:07 AM] [Warn] unrecognized RECORD code 46
[2/21/2025, 10:03:07 AM] [Warn] unrecognized RECORD code 48
[2/21/2025, 10:03:07 AM] [Warn] unrecognized RECORD code 46
[2/21/2025, 10:03:07 AM] [Warn] unrecognized RECORD code 48
[2/21/2025, 10:03:07 AM] [Warn] unrecognized RECORD code 46
[2/21/2025, 10:03:07 AM] [Warn] unrecognized RECORD code 48
[2/21/2025, 10:03:07 AM] [Warn] unrecognized RECORD code 46
[2/21/2025, 10:03:07 AM] [Warn] unrecognized RECORD code 48
[2/21/2025, 10:03:07 AM] [Warn] unrecognized RECORD code 46
[2/21/2025, 10:03:07 AM] [Warn] unrecognized RECORD code 48
[2/21/2025, 10:03:07 AM] [Warn] unrecognized RECORD code 46
[2/21/2025, 10:03:07 AM] [Warn] unrecognized RECORD code 48
[2/21/2025, 10:03:07 AM] [Warn] unrecognized RECORD code 46
[2/21/2025, 10:03:07 AM] [Warn] unrecognized RECORD code 48
[2/21/2025, 10:03:07 AM] [Warn] unrecognized RECORD code 46
[2/21/2025, 10:03:07 AM] [Warn] unrecognized RECORD code 48
[2/21/2025, 10:03:07 AM] [Warn] unrecognized RECORD code 46
[2/21/2025, 10:03:07 AM] [Warn] unrecognized RECORD code 48
[2/21/2025, 10:03:07 AM] [Warn] unrecognized RECORD code 46
[2/21/2025, 10:03:07 AM] [Warn] unrecognized RECORD code 48
[2/21/2025, 10:03:07 AM] [Warn] unrecognized RECORD code 46
[2/21/2025, 10:03:07 AM] [Warn] unrecognized RECORD code 48
[2/21/2025, 10:03:07 AM] [Warn] unrecognized RECORD code 46
[2/21/2025, 10:03:07 AM] [Warn] unrecognized RECORD code 48
[2/21/2025, 10:03:07 AM] [Warn] unrecognized RECORD code 46
[2/21/2025, 10:03:07 AM] [Warn] unrecognized RECORD code 48
[2/21/2025, 10:03:07 AM] [Warn] unrecognized RECORD code 46
[2/21/2025, 10:03:07 AM] [Warn] unrecognized RECORD code 48
[2/21/2025, 10:03:07 AM] [Warn] unrecognized RECORD code 46
[2/21/2025, 10:03:07 AM] [Warn] unrecognized RECORD code 48
[2/21/2025, 10:03:07 AM] [Warn] unrecognized RECORD code 46
[2/21/2025, 10:03:07 AM] [Warn] unrecognized RECORD code 48
[2/21/2025, 10:03:07 AM] [Warn] unrecognized RECORD code 46
[2/21/2025, 10:03:07 AM] [Warn] unrecognized RECORD code 48
[2/21/2025, 10:03:07 AM] [Warn] unrecognized RECORD code 46
[2/21/2025, 10:03:07 AM] [Warn] unrecognized RECORD code 48
[2/21/2025, 10:03:07 AM] [Warn] unrecognized RECORD code 46
[2/21/2025, 10:03:07 AM] [Warn] unrecognized RECORD code 48
[2/21/2025, 10:03:07 AM] [Warn] unrecognized RECORD code 46
[2/21/2025, 10:03:07 AM] [Warn] unrecognized RECORD code 48
[2/21/2025, 10:03:07 AM] [Warn] unrecognized RECORD code 46
[2/21/2025, 10:03:07 AM] [Warn] unrecognized RECORD code 48
[2/21/2025, 10:03:07 AM] [Warn] unrecognized RECORD code 46
[2/21/2025, 10:03:07 AM] [Warn] unrecognized RECORD code 48
[2/21/2025, 10:03:07 AM] [Warn] unrecognized RECORD code 46
[2/21/2025, 10:03:07 AM] [Warn] unrecognized RECORD code 48
[2/21/2025, 10:03:07 AM] [Warn] unrecognized RECORD code 46
[2/21/2025, 10:03:07 AM] [Warn] unrecognized RECORD code 48
[2/21/2025, 10:03:07 AM] [Warn] unrecognized RECORD code 46
[2/21/2025, 10:03:07 AM] [Warn] unrecognized RECORD code 48
[2/21/2025, 10:03:07 AM] [Warn] unrecognized RECORD code 46
[2/21/2025, 10:03:07 AM] [Warn] unrecognized RECORD code 48
[2/21/2025, 10:03:07 AM] [Warn] unrecognized RECORD code 46
[2/21/2025, 10:03:07 AM] [Warn] unrecognized RECORD code 48
[2/21/2025, 10:03:07 AM] [Warn] unrecognized RECORD code 46
[2/21/2025, 10:03:07 AM] [Warn] unrecognized RECORD code 48
[2/21/2025, 10:03:07 AM] [Warn] unrecognized RECORD code 46
[2/21/2025, 10:03:07 AM] [Warn] unrecognized RECORD code 48
[2/21/2025, 10:03:07 AM] [Warn] unrecognized RECORD code 46
[2/21/2025, 10:03:07 AM] [Warn] unrecognized RECORD code 48
[2/21/2025, 10:03:07 AM] [Warn] unrecognized RECORD code 46
[2/21/2025, 10:03:07 AM] [Warn] unrecognized RECORD code 48
[2/21/2025, 10:03:07 AM] [Warn] unrecognized RECORD code 46
[2/21/2025, 10:03:07 AM] [Warn] unrecognized RECORD code 48
[2/21/2025, 10:03:07 AM] [Warn] unrecognized RECORD code 46
[2/21/2025, 10:03:07 AM] [Warn] unrecognized RECORD code 48
[2/21/2025, 10:03:07 AM] [Warn] unrecognized RECORD code 46
[2/21/2025, 10:03:07 AM] [Warn] unrecognized RECORD code 48
[2/21/2025, 10:03:07 AM] [Warn] unrecognized RECORD code 46
[2/21/2025, 10:03:07 AM] [Warn] unrecognized RECORD code 48
[2/21/2025, 10:03:07 AM] [Warn] unrecognized RECORD code 46
[2/21/2025, 10:03:07 AM] [Warn] unrecognized RECORD code 48
[2/21/2025, 10:03:07 AM] [Warn] unrecognized RECORD code 46
[2/21/2025, 10:03:07 AM] [Warn] unrecognized RECORD code 48
[2/21/2025, 10:03:07 AM] [Warn] unrecognized RECORD code 46
[2/21/2025, 10:03:07 AM] [Warn] unrecognized RECORD code 48
[2/21/2025, 10:03:07 AM] [Warn] unrecognized RECORD code 46
[2/21/2025, 10:03:07 AM] [Warn] unrecognized RECORD code 48
[2/21/2025, 10:03:07 AM] [Warn] unrecognized RECORD code 46
[2/21/2025, 10:03:07 AM] [Warn] unrecognized RECORD code 48
[2/21/2025, 10:03:07 AM] [Warn] unrecognized RECORD code 46
[2/21/2025, 10:03:07 AM] [Warn] unrecognized RECORD code 48
[2/21/2025, 10:03:07 AM] [Warn] unrecognized RECORD code 46
[2/21/2025, 10:03:07 AM] [Warn] unrecognized RECORD code 48
[2/21/2025, 10:03:07 AM] [Warn] unrecognized RECORD code 46
[2/21/2025, 10:03:07 AM] [Warn] unrecognized RECORD code 48
[2/21/2025, 10:03:07 AM] [Warn] unrecognized RECORD code 46
[2/21/2025, 10:03:07 AM] [Warn] unrecognized RECORD code 48
[2/21/2025, 10:03:07 AM] [Warn] unrecognized RECORD code 46
[2/21/2025, 10:03:07 AM] [Warn] unrecognized RECORD code 48
[2/21/2025, 10:03:07 AM] [Warn] unrecognized RECORD code 46
[2/21/2025, 10:03:07 AM] [Warn] unrecognized RECORD code 48
[2/21/2025, 10:03:07 AM] [Warn] unrecognized RECORD code 46
[2/21/2025, 10:03:07 AM] [Warn] unrecognized RECORD code 48
[2/21/2025, 10:03:07 AM] [Warn] unrecognized RECORD code 46
[2/21/2025, 10:03:07 AM] [Warn] unrecognized RECORD code 48
[2/21/2025, 10:03:07 AM] [Warn] unrecognized RECORD code 46
[2/21/2025, 10:03:07 AM] [Warn] unrecognized RECORD code 48
[2/21/2025, 10:03:07 AM] [Warn] unrecognized RECORD code 46
[2/21/2025, 10:03:07 AM] [Warn] unrecognized RECORD code 48
[2/21/2025, 10:03:07 AM] [Warn] unrecognized RECORD code 46
[2/21/2025, 10:03:07 AM] [Warn] unrecognized RECORD code 48
[2/21/2025, 10:03:07 AM] [Warn] unrecognized RECORD code 46
[2/21/2025, 10:03:07 AM] [Warn] unrecognized RECORD code 48
[2/21/2025, 10:03:07 AM] [Warn] unrecognized RECORD code 46
[2/21/2025, 10:03:07 AM] [Warn] unrecognized RECORD code 48
[2/21/2025, 10:03:07 AM] [Warn] unrecognized RECORD code 46
[2/21/2025, 10:03:07 AM] [Warn] unrecognized RECORD code 48
[2/21/2025, 10:03:07 AM] [Warn] unrecognized RECORD code 46
[2/21/2025, 10:03:07 AM] [Warn] unrecognized RECORD code 48
[2/21/2025, 10:03:07 AM] [Warn] unrecognized RECORD code 46
[2/21/2025, 10:03:07 AM] [Warn] unrecognized RECORD code 48
[2/21/2025, 10:03:07 AM] [Warn] unrecognized RECORD code 46
[2/21/2025, 10:03:07 AM] [Warn] unrecognized RECORD code 48
[2/21/2025, 10:03:07 AM] [Warn] unrecognized RECORD code 46
[2/21/2025, 10:03:07 AM] [Warn] unrecognized RECORD code 48
[2/21/2025, 10:03:07 AM] [Warn] unrecognized RECORD code 46
[2/21/2025, 10:03:07 AM] [Warn] unrecognized RECORD code 48
[2/21/2025, 10:03:07 AM] [Warn] unrecognized RECORD code 46
[2/21/2025, 10:03:07 AM] [Warn] unrecognized RECORD code 48
[2/21/2025, 10:03:07 AM] [Warn] unrecognized RECORD code 46
[2/21/2025, 10:03:07 AM] [Warn] unrecognized RECORD code 48
[2/21/2025, 10:03:07 AM] [Warn] unrecognized RECORD code 46
[2/21/2025, 10:03:07 AM] [Warn] unrecognized RECORD code 48
[2/21/2025, 10:03:07 AM] [Warn] unrecognized RECORD code 46
[2/21/2025, 10:03:07 AM] [Warn] unrecognized RECORD code 48
[2/21/2025, 10:03:07 AM] [Warn] unrecognized RECORD code 46
[2/21/2025, 10:03:07 AM] [Warn] unrecognized RECORD code 48
[2/21/2025, 10:03:07 AM] [Warn] unrecognized RECORD code 46
[2/21/2025, 10:03:07 AM] [Warn] unrecognized RECORD code 48
[2/21/2025, 10:03:07 AM] [Warn] unrecognized RECORD code 46
[2/21/2025, 10:03:07 AM] [Warn] unrecognized RECORD code 48
[2/21/2025, 10:03:07 AM] [Warn] unrecognized RECORD code 46
[2/21/2025, 10:03:07 AM] [Warn] unrecognized RECORD code 48
[2/21/2025, 10:03:07 AM] [Warn] unrecognized RECORD code 46
[2/21/2025, 10:03:07 AM] [Warn] unrecognized RECORD code 48
[2/21/2025, 10:03:07 AM] [Warn] unrecognized RECORD code 46
[2/21/2025, 10:03:07 AM] [Warn] unrecognized RECORD code 48
[2/21/2025, 10:03:07 AM] [Warn] unrecognized RECORD code 46
[2/21/2025, 10:03:07 AM] [Warn] unrecognized RECORD code 48
[2/21/2025, 10:03:07 AM] [Warn] unrecognized RECORD code 46
[2/21/2025, 10:03:07 AM] [Warn] unrecognized RECORD code 48
[2/21/2025, 10:03:07 AM] [Warn] unrecognized RECORD code 46
[2/21/2025, 10:03:07 AM] [Warn] unrecognized RECORD code 48
[2/21/2025, 10:03:07 AM] [Warn] unrecognized RECORD code 46
[2/21/2025, 10:03:07 AM] [Warn] unrecognized RECORD code 48
[2/21/2025, 10:03:07 AM] [Warn] unrecognized RECORD code 46
[2/21/2025, 10:03:07 AM] [Warn] unrecognized RECORD code 48
[2/21/2025, 10:03:07 AM] [Warn] unrecognized RECORD code 46
[2/21/2025, 10:03:07 AM] [Warn] unrecognized RECORD code 48
[2/21/2025, 10:03:07 AM] [Warn] unrecognized RECORD code 46
[2/21/2025, 10:03:07 AM] [Warn] unrecognized RECORD code 48
[2/21/2025, 10:03:07 AM] [Warn] unrecognized RECORD code 46
[2/21/2025, 10:03:07 AM] [Warn] unrecognized RECORD code 48
[2/21/2025, 10:03:07 AM] [Warn] unrecognized RECORD code 46
[2/21/2025, 10:03:07 AM] [Warn] unrecognized RECORD code 48
[2/21/2025, 10:03:07 AM] [Warn] unrecognized RECORD code 46
[2/21/2025, 10:03:07 AM] [Warn] unrecognized RECORD code 48
[2/21/2025, 10:03:07 AM] [Warn] unrecognized RECORD code 46
[2/21/2025, 10:03:07 AM] [Warn] unrecognized RECORD code 48
[2/21/2025, 10:03:07 AM] [Warn] unrecognized RECORD code 46
[2/21/2025, 10:03:07 AM] [Warn] unrecognized RECORD code 48
[2/21/2025, 10:03:07 AM] [Warn] unrecognized RECORD code 46
[2/21/2025, 10:03:07 AM] [Warn] unrecognized RECORD code 48
[2/21/2025, 10:03:07 AM] [Warn] unrecognized RECORD code 46
[2/21/2025, 10:03:07 AM] [Warn] unrecognized RECORD code 48
[2/21/2025, 10:03:07 AM] [Warn] unrecognized RECORD code 46
[2/21/2025, 10:03:07 AM] [Warn] unrecognized RECORD code 48
[2/21/2025, 10:03:07 AM] [Warn] unrecognized RECORD code 46
[2/21/2025, 10:03:07 AM] [Warn] unrecognized RECORD code 48
[2/21/2025, 10:03:07 AM] [Warn] unrecognized RECORD code 46
[2/21/2025, 10:03:07 AM] [Warn] unrecognized RECORD code 48
[2/21/2025, 10:03:07 AM] [Warn] unrecognized RECORD code 46
[2/21/2025, 10:03:07 AM] [Warn] unrecognized RECORD code 48
[2/21/2025, 10:03:07 AM] [Warn] unrecognized RECORD code 46
[2/21/2025, 10:03:07 AM] [Warn] unrecognized RECORD code 48
[2/21/2025, 10:03:07 AM] [Warn] unrecognized RECORD code 46
[2/21/2025, 10:03:07 AM] [Warn] unrecognized RECORD code 48
[2/21/2025, 10:03:07 AM] [Warn] unrecognized RECORD code 46
[2/21/2025, 10:03:07 AM] [Warn] unrecognized RECORD code 48
[2/21/2025, 10:03:07 AM] [Warn] unrecognized RECORD code 46
[2/21/2025, 10:03:07 AM] [Warn] unrecognized RECORD code 48
[2/21/2025, 10:03:07 AM] [Warn] unrecognized RECORD code 46
[2/21/2025, 10:03:07 AM] [Warn] unrecognized RECORD code 48
[2/21/2025, 10:03:07 AM] [Warn] unrecognized RECORD code 46
[2/21/2025, 10:03:07 AM] [Warn] unrecognized RECORD code 48
[2/21/2025, 10:03:07 AM] [Warn] unrecognized RECORD code 46
[2/21/2025, 10:03:07 AM] [Warn] unrecognized RECORD code 48
[2/21/2025, 10:03:07 AM] [Warn] unrecognized RECORD code 46
[2/21/2025, 10:03:07 AM] [Warn] unrecognized RECORD code 48
[2/21/2025, 10:03:07 AM] [Warn] unrecognized RECORD code 46
[2/21/2025, 10:03:07 AM] [Warn] unrecognized RECORD code 48
[2/21/2025, 10:03:07 AM] [Warn] unrecognized RECORD code 46
[2/21/2025, 10:03:07 AM] [Warn] unrecognized RECORD code 48
[2/21/2025, 10:03:07 AM] [Warn] unrecognized RECORD code 46
[2/21/2025, 10:03:07 AM] [Warn] unrecognized RECORD code 48
[2/21/2025, 10:03:07 AM] [Warn] unrecognized RECORD code 46
[2/21/2025, 10:03:07 AM] [Warn] unrecognized RECORD code 48
[2/21/2025, 10:03:07 AM] [Warn] unrecognized RECORD code 46
[2/21/2025, 10:03:07 AM] [Warn] unrecognized RECORD code 48
[2/21/2025, 10:03:07 AM] [Warn] unrecognized RECORD code 46
[2/21/2025, 10:03:07 AM] [Warn] unrecognized RECORD code 48
[2/21/2025, 10:03:07 AM] [Warn] unrecognized RECORD code 46
[2/21/2025, 10:03:07 AM] [Warn] unrecognized RECORD code 48
[2/21/2025, 10:03:07 AM] [Warn] unrecognized RECORD code 46
[2/21/2025, 10:03:07 AM] [Warn] unrecognized RECORD code 48
[2/21/2025, 10:03:07 AM] [Warn] unrecognized RECORD code 46
[2/21/2025, 10:03:07 AM] [Warn] unrecognized RECORD code 48
[2/21/2025, 10:03:07 AM] [Warn] unrecognized RECORD code 46
[2/21/2025, 10:03:07 AM] [Warn] unrecognized RECORD code 48
[2/21/2025, 10:03:07 AM] [Warn] unrecognized RECORD code 46
[2/21/2025, 10:03:07 AM] [Warn] unrecognized RECORD code 48
[2/21/2025, 10:03:07 AM] [Warn] unrecognized RECORD code 46
[2/21/2025, 10:03:07 AM] [Warn] unrecognized RECORD code 48
[2/21/2025, 10:03:07 AM] [Warn] unrecognized RECORD code 46
[2/21/2025, 10:03:07 AM] [Warn] unrecognized RECORD code 48
[2/21/2025, 10:03:07 AM] [Warn] unrecognized RECORD code 46
[2/21/2025, 10:03:07 AM] [Warn] unrecognized RECORD code 48
[2/21/2025, 10:03:07 AM] [Warn] unrecognized RECORD code 46
[2/21/2025, 10:03:07 AM] [Warn] unrecognized RECORD code 48
[2/21/2025, 10:03:07 AM] [Warn] unrecognized RECORD code 46
[2/21/2025, 10:03:07 AM] [Warn] unrecognized RECORD code 48
[2/21/2025, 10:03:07 AM] [Warn] unrecognized RECORD code 46
[2/21/2025, 10:03:07 AM] [Warn] unrecognized RECORD code 48
